d:\编程\2024_code\code_practice\concurrentmemorypool\concurrentmemorypool\debug\vc143.pdb
d:\编程\2024_code\code_practice\concurrentmemorypool\concurrentmemorypool\debug\vc143.idb
d:\编程\2024_code\code_practice\concurrentmemorypool\concurrentmemorypool\debug\threadcache.obj
d:\编程\2024_code\code_practice\concurrentmemorypool\concurrentmemorypool\debug\unittest.obj
d:\编程\2024_code\code_practice\concurrentmemorypool\concurrentmemorypool\debug\pagecache.obj
d:\编程\2024_code\code_practice\concurrentmemorypool\concurrentmemorypool\debug\centralcache.obj
d:\编程\2024_code\code_practice\concurrentmemorypool\concurrentmemorypool\debug\benchmark.obj
d:\编程\2024_code\code_practice\concurrentmemorypool\concurrentmemorypool\debug\concurrentmemorypool.ilk
d:\编程\2024_code\code_practice\concurrentmemorypool\debug\concurrentmemorypool.pdb
d:\编程\2024_code\code_practice\concurrentmemorypool\concurrentmemorypool\debug\concurre.7c4b9def.tlog\cl.command.1.tlog
d:\编程\2024_code\code_practice\concurrentmemorypool\concurrentmemorypool\debug\concurre.7c4b9def.tlog\cl.items.tlog
d:\编程\2024_code\code_practice\concurrentmemorypool\concurrentmemorypool\debug\concurre.7c4b9def.tlog\cl.read.1.tlog
d:\编程\2024_code\code_practice\concurrentmemorypool\concurrentmemorypool\debug\concurre.7c4b9def.tlog\cl.write.1.tlog
d:\编程\2024_code\code_practice\concurrentmemorypool\concurrentmemorypool\debug\concurre.7c4b9def.tlog\link-cvtres.read.1.tlog
d:\编程\2024_code\code_practice\concurrentmemorypool\concurrentmemorypool\debug\concurre.7c4b9def.tlog\link-cvtres.write.1.tlog
d:\编程\2024_code\code_practice\concurrentmemorypool\concurrentmemorypool\debug\concurre.7c4b9def.tlog\link-rc.read.1.tlog
d:\编程\2024_code\code_practice\concurrentmemorypool\concurrentmemorypool\debug\concurre.7c4b9def.tlog\link-rc.write.1.tlog
d:\编程\2024_code\code_practice\concurrentmemorypool\concurrentmemorypool\debug\concurre.7c4b9def.tlog\link.2544-cvtres.read.1.tlog
d:\编程\2024_code\code_practice\concurrentmemorypool\concurrentmemorypool\debug\concurre.7c4b9def.tlog\link.2544-cvtres.write.1.tlog
d:\编程\2024_code\code_practice\concurrentmemorypool\concurrentmemorypool\debug\concurre.7c4b9def.tlog\link.2544-rc.read.1.tlog
d:\编程\2024_code\code_practice\concurrentmemorypool\concurrentmemorypool\debug\concurre.7c4b9def.tlog\link.2544-rc.write.1.tlog
d:\编程\2024_code\code_practice\concurrentmemorypool\concurrentmemorypool\debug\concurre.7c4b9def.tlog\link.2544.read.1.tlog
d:\编程\2024_code\code_practice\concurrentmemorypool\concurrentmemorypool\debug\concurre.7c4b9def.tlog\link.2544.write.1.tlog
d:\编程\2024_code\code_practice\concurrentmemorypool\concurrentmemorypool\debug\concurre.7c4b9def.tlog\link.command.1.tlog
d:\编程\2024_code\code_practice\concurrentmemorypool\concurrentmemorypool\debug\concurre.7c4b9def.tlog\link.read.1.tlog
d:\编程\2024_code\code_practice\concurrentmemorypool\concurrentmemorypool\debug\concurre.7c4b9def.tlog\link.secondary.1.tlog
d:\编程\2024_code\code_practice\concurrentmemorypool\concurrentmemorypool\debug\concurre.7c4b9def.tlog\link.write.1.tlog
